Turbo Assembler	 Version 4.0	    05/29/23 14:28:56	    Page 1
lab1.asm



      1				     ; ????????	???????? ?????
      2	0000			     STSEG SEGMENT PARA	STACK "STACK"
      3	0000  40*(53 54	41 43 4B)    DB	64 DUP ("STACK")
      4	0140			     STSEG ENDS
      5				     ; ????????	???????? ??????
      6	0000			     DSEG SEGMENT PARA PUBLIC "DATA"
      7	0000  0A 14 1E 28	     SOURCE DB 10, 20, 30, 40
      8	0004  04*(3F)		     DEST DB 4 DUP ( "?" )
      9	0008			     DSEG ENDS
     10				     ; ????????	???????? ????
     11	0000			     CSEG SEGMENT PARA PUBLIC "CODE"
     12				     ; ??? ???????? ???????
     13	0000			     MAIN PROC FAR
     14				     ASSUME CS:	CSEG, DS: DSEG,	SS: STSEG
     15				     ; ????? ????????
     16	0000  1E		     PUSH DS
     17	0001  B8 0000		     MOV AX, 0 ; ??? XOR AX, AX
     18	0004  50		     PUSH AX
     19				     ; ????????????? DS
     20	0005  B8 0000s		     MOV AX, DSEG
     21	0008  8E D8		     MOV DS, AX
     22				     ; ????????? ???????
     23	000A  C6 06 0004r 00	     MOV DEST, 0
     24	000F  C6 06 0005r 00	     MOV DEST+1, 0
     25	0014  C6 06 0006r 00	     MOV DEST+2, 0
     26	0019  C6 06 0007r 00	     MOV DEST+3, 0
     27				     ; ?????????
     28	001E  B8 0001		     MOV AX, 1
     29	0021  05 0002		     ADD AX, 2
     30	0024  A2 0007r		     MOV DEST+3, AL
     31	0027  A0 0001r		     MOV AL, SOURCE+1
     32	002A  A2 0006r		     MOV DEST+2, AL
     33	002D  A0 0002r		     MOV AL, SOURCE+2
     34	0030  A2 0005r		     MOV DEST+1, AL
     35	0033  A0 0003r		     MOV AL, SOURCE+3
     36	0036  A2 0004r		     MOV DEST, AL
     37	0039  CB		     RET
     38	003A			     MAIN ENDP
     39	003A			     CSEG ENDS
     40				     END MAIN
Turbo Assembler	 Version 4.0	    05/29/23 14:28:56	    Page 2
Symbol Table




Symbol Name			  Type	 Value

??DATE				  Text	 "05/29/23"
??FILENAME			  Text	 "lab1	  "
??TIME				  Text	 "14:28:56"
??VERSION			  Number 0400
@CPU				  Text	 0101H
@CURSEG				  Text	 CSEG
@FILENAME			  Text	 LAB1
@WORDSIZE			  Text	 2
DEST				  Byte	 DSEG:0004
MAIN				  Far	 CSEG:0000
SOURCE				  Byte	 DSEG:0000

Groups & Segments		  Bit Size Align  Combine Class

CSEG				  16  003A Para	  Public  CODE
DSEG				  16  0008 Para	  Public  DATA
STSEG				  16  0140 Para	  Stack	  STACK
